<?xml version="1.0" encoding="UTF-8"?>
<testsuite name="AppTest" tests="1" skipped="0" failures="0" errors="0" timestamp="2025-07-25T01:02:57.772Z" hostname="Sunils-MacBook-Air.local" time="0.001">
  <properties/>
  <testcase name="testAppOne" classname="AppTest" time="0.001"/>
  <system-out><![CDATA[]]></system-out>
  <system-err><![CDATA[]]></system-err>
</testsuite>
